#
# A fatal error has been detected by the Java Runtime Environment:
#
#  SIGSEGV (0xb) at pc=0x00007f0c807b7c5b, pid=29900, tid=139691557066496
#
# JRE version: 7.0_02-b13
# Java VM: Java HotSpot(TM) 64-Bit Server VM (22.0-b10 mixed mode linux-amd64 compressed oops)
# Problematic frame:
# C  [libc.so.6+0x84c5b]  memccpy+0x1eb
#
# Failed to write core dump. Core dumps have been disabled. To enable core dumping, try "ulimit -c unlimited" before starting Java again
#
# If you would like to submit a bug report, please visit:
#   http://bugreport.sun.com/bugreport/crash.jsp
# The crash happened outside the Java Virtual Machine in native code.
# See problematic frame for where to report the bug.
#

---------------  T H R E A D  ---------------

Current thread (0x00007f0c74b75800):  JavaThread "427406452@qtp-1818255227-0" [_thread_in_native, id=29923, stack(0x00007f0c79931000,0x00007f0c79a32000)]

siginfo:si_signo=SIGSEGV: si_errno=0, si_code=2 (SEGV_ACCERR), si_addr=0x00007f0c79830000

Registers:
RAX=0x00000000000000c1, RBX=0x0000000000005089, RCX=0x00000000000008c4, RDX=0x0000000000005084
RSP=0x00007f0c79a2dd78, RBP=0x00007f0c79a2ddd0, RSI=0x00007f0c79830000, RDI=0x00007f0c744918d5
R8 =0x00007f0c74490e60, R9 =0x00007f0c74000070, R10=0x00007f0c74000070, R11=0x0000000000005080
R12=0x00007f0c7982f56d, R13=0x00007f0c74ea54b0, R14=0x000000000000ca79, R15=0x00007f0c74b85ee0
RIP=0x00007f0c807b7c5b, EFLAGS=0x0000000000010213, CSGSFS=0x0000000000000033, ERR=0x0000000000000004
  TRAPNO=0x000000000000000e

Top of Stack: (sp=0x00007f0c79a2dd78)
0x00007f0c79a2dd78:   00007f0c7efa1b87 000000077dc00ce0
0x00007f0c79a2dd88:   3ff7790c00000000 0000000000005089
0x00007f0c79a2dd98:   000000009ba84a2b 00007f0c74ea54b0
0x00007f0c79a2dda8:   00007f0c74b86118 00007f0c74b85ee0
0x00007f0c79a2ddb8:   00007f0c744373b0 00000000c2c21384
0x00007f0c79a2ddc8:   00007f0c79a2de30 00007f0c79a2de10
0x00007f0c79a2ddd8:   00007f0c7efa2148 0000002279a2de10
0x00007f0c79a2dde8:   00007f0c79a2de30 0000000000000022
0x00007f0c79a2ddf8:   00007f0c74b759d0 00007f0c79a2de30
0x00007f0c79a2de08:   00007f0c79a2e288 00007f0c79a2e270
0x00007f0c79a2de18:   00007f0c7efa0f7d 01007f0c74b78420
0x00007f0c79a2de28:   00007f0c74b85ee0 696c70732f67726f
0x00007f0c79a2de38:   6d6d6f632f796666 55687361482f6e6f
0x00007f0c79a2de48:   616c632e736c6974 00007f0c74007373
0x00007f0c79a2de58:   00007f0c7ffc1df0 00000000010df050
0x00007f0c79a2de68:   00000000010df060 00000000010df438
0x00007f0c79a2de78:   00007f0c74388308 00007f0c79a2deb0
0x00007f0c79a2de88:   00000007dd6c1210 00000007de735850
0x00007f0c79a2de98:   00007f0c80135d91 0000000000000013
0x00007f0c79a2dea8:   00007f0c74388490 0000000074b75800
0x00007f0c79a2deb8:   000000077fb9a5b0 00007f0c79a2df20
0x00007f0c79a2dec8:   00007f0c8001010c 00007f0c74388488
0x00007f0c79a2ded8:   00007f0c79a2de88 00007f0c79a2dec9
0x00007f0c79a2dee8:   0000000800000002 0000000001c8d300
0x00007f0c79a2def8:   0000000000fe35a0 00007f0c806bf1b0
0x00007f0c79a2df08:   000000000102d1f0 0000000074b75800
0x00007f0c79a2df18:   0000000000fda370 0000000000000000
0x00007f0c79a2df28:   00007f0c80197c90 00007f0c74388310
0x00007f0c79a2df38:   000000000102d1f1 0000000000000056
0x00007f0c79a2df48:   0000000000000000 00007f0c74b75800
0x00007f0c79a2df58:   000000000105e790 0000000001538338
0x00007f0c79a2df68:   00007f0c74b75800 00007f0c79a2e120 

Instructions: (pc=0x00007f0c807b7c5b)
0x00007f0c807b7c3b:   fe ff ff f3 c3 4c 8b 1d a9 94 2f 00 49 39 d3 4c
0x00007f0c807b7c4b:   0f 47 da 4c 89 d9 49 83 e3 f8 48 c1 e9 03 74 05
0x00007f0c807b7c5b:   f3 48 a5 66 90 4c 29 da 48 f7 c2 f8 ff ff ff 75
0x00007f0c807b7c6b:   14 83 e2 07 48 8b 44 24 f8 0f 85 8f fe ff ff f3 

Register to memory mapping:

RAX=0x00000000000000c1 is an unknown value
RBX=0x0000000000005089 is an unknown value
RCX=0x00000000000008c4 is an unknown value
RDX=0x0000000000005084 is an unknown value
RSP=0x00007f0c79a2dd78 is pointing into the stack for thread: 0x00007f0c74b75800
RBP=0x00007f0c79a2ddd0 is pointing into the stack for thread: 0x00007f0c74b75800
RSI=0x00007f0c79830000 is an unknown value
RDI=0x00007f0c744918d5 is an unknown value
R8 =0x00007f0c74490e60 is an unknown value
R9 =0x00007f0c74000070 is an unknown value
R10=0x00007f0c74000070 is an unknown value
R11=0x0000000000005080 is an unknown value
R12=0x00007f0c7982f56d is an unknown value
R13=0x00007f0c74ea54b0 is an unknown value
R14=0x000000000000ca79 is an unknown value
R15=0x00007f0c74b85ee0 is an unknown value


Stack: [0x00007f0c79931000,0x00007f0c79a32000],  sp=0x00007f0c79a2dd78,  free space=1011k
Native frames: (J=compiled Java code, j=interpreted, Vv=VM code, C=native code)
C  [libc.so.6+0x84c5b]  memccpy+0x1eb
C  [libzip.so+0x5148]  ZIP_GetEntry+0xd8
C  [libzip.so+0x3f7d]  Java_java_util_zip_ZipFile_getEntry+0xad
J  java.util.zip.ZipFile.getEntry(J[BZ)J

Java frames: (J=compiled Java code, j=interpreted, Vv=VM code)
J  java.util.zip.ZipFile.getEntry(J[BZ)J
J  sun.misc.URLClassPath.getResource(Ljava/lang/String;Z)Lsun/misc/Resource;
j  java.net.URLClassLoader$1.run()Ljava/lang/Class;+26
j  java.net.URLClassLoader$1.run()Ljava/lang/Object;+1
v  ~StubRoutines::call_stub
j  java.security.AccessController.doPrivileged(Ljava/security/PrivilegedExceptionAction;Ljava/security/AccessControlContext;)Ljava/lang/Object;+0
j  java.net.URLClassLoader.findClass(Ljava/lang/String;)Ljava/lang/Class;+13
j  org.mortbay.jetty.webapp.WebAppClassLoader.loadClass(Ljava/lang/String;Z)Ljava/lang/Class;+96
j  org.mortbay.jetty.webapp.WebAppClassLoader.loadClass(Ljava/lang/String;)Ljava/lang/Class;+3
v  ~StubRoutines::call_stub
j  org.spliffy.server.web.HashCalc.calcResourceesHash(Ljava/util/List;Ljava/io/OutputStream;)J+76
j  org.spliffy.server.web.RepoResource.sendContent(Ljava/io/OutputStream;Lcom/bradmcevoy/http/Range;Ljava/util/Map;Ljava/lang/String;)V+141
j  com.bradmcevoy.http.entity.GetableResourceEntity.write(Lcom/bradmcevoy/http/Response;Ljava/io/OutputStream;)V+31
j  com.bradmcevoy.http.entity.DefaultEntityTransport.sendResponseEntity(Lcom/bradmcevoy/http/Response;)V+13
j  com.bradmcevoy.http.HttpManager.sendResponseEntity(Lcom/bradmcevoy/http/Response;)V+5
j  com.bradmcevoy.http.StandardFilter.process(Lcom/bradmcevoy/http/FilterChain;Lcom/bradmcevoy/http/Request;Lcom/bradmcevoy/http/Response;)V+143
j  com.bradmcevoy.http.FilterChain.process(Lcom/bradmcevoy/http/Request;Lcom/bradmcevoy/http/Response;)V+31
j  org.spliffy.server.db.MiltonOpenSessionInViewFilter.process(Lcom/bradmcevoy/http/FilterChain;Lcom/bradmcevoy/http/Request;Lcom/bradmcevoy/http/Response;)V+11
j  com.bradmcevoy.http.FilterChain.process(Lcom/bradmcevoy/http/Request;Lcom/bradmcevoy/http/Response;)V+31
j  com.bradmcevoy.http.HttpManager.process(Lcom/bradmcevoy/http/Request;Lcom/bradmcevoy/http/Response;)V+146
j  com.bradmcevoy.http.SpringMiltonFilter.doMiltonProcessing(Ljavax/servlet/http/HttpServletRequest;Ljavax/servlet/http/HttpServletResponse;)V+35
j  com.bradmcevoy.http.SpringMiltonFilter.doFilter(Ljavax/servlet/ServletRequest;Ljavax/servlet/ServletResponse;Ljavax/servlet/FilterChain;)V+84
j  org.mortbay.jetty.servlet.ServletHandler$CachedChain.doFilter(Ljavax/servlet/ServletRequest;Ljavax/servlet/ServletResponse;)V+53
j  org.mortbay.jetty.servlet.ServletHandler.handle(Ljava/lang/String;Ljavax/servlet/http/HttpServletRequest;Ljavax/servlet/http/HttpServletResponse;I)V+465
j  org.mortbay.jetty.security.SecurityHandler.handle(Ljava/lang/String;Ljavax/servlet/http/HttpServletRequest;Ljavax/servlet/http/HttpServletResponse;I)V+299
j  org.mortbay.jetty.servlet.SessionHandler.handle(Ljava/lang/String;Ljavax/servlet/http/HttpServletRequest;Ljavax/servlet/http/HttpServletResponse;I)V+225
j  org.mortbay.jetty.handler.ContextHandler.handle(Ljava/lang/String;Ljavax/servlet/http/HttpServletRequest;Ljavax/servlet/http/HttpServletResponse;I)V+721
j  org.mortbay.jetty.webapp.WebAppContext.handle(Ljava/lang/String;Ljavax/servlet/http/HttpServletRequest;Ljavax/servlet/http/HttpServletResponse;I)V+53
j  org.mortbay.jetty.handler.ContextHandlerCollection.handle(Ljava/lang/String;Ljavax/servlet/http/HttpServletRequest;Ljavax/servlet/http/HttpServletResponse;I)V+373
j  org.mortbay.jetty.handler.HandlerCollection.handle(Ljava/lang/String;Ljavax/servlet/http/HttpServletRequest;Ljavax/servlet/http/HttpServletResponse;I)V+42
j  org.mortbay.jetty.handler.HandlerWrapper.handle(Ljava/lang/String;Ljavax/servlet/http/HttpServletRequest;Ljavax/servlet/http/HttpServletResponse;I)V+23
j  org.mortbay.jetty.Server.handle(Lorg/mortbay/jetty/HttpConnection;)V+110
j  org.mortbay.jetty.HttpConnection.handleRequest()V+137
j  org.mortbay.jetty.HttpConnection$RequestHandler.headerComplete()V+512
j  org.mortbay.jetty.HttpParser.parseNext()J+1797
j  org.mortbay.jetty.HttpParser.parseAvailable()J+1
j  org.mortbay.jetty.HttpConnection.handle()V+122
j  org.mortbay.io.nio.SelectChannelEndPoint.run()V+4
j  org.mortbay.thread.QueuedThreadPool$PoolThread.run()V+25
v  ~StubRoutines::call_stub

---------------  P R O C E S S  ---------------

Java Threads: ( => current thread )
  0x00007f0c74836800 JavaThread "StopJettyPluginMonitor" daemon [_thread_in_native, id=29934, stack(0x00007f0c78f98000,0x00007f0c79099000)]
  0x00007f0c7405d800 JavaThread "com.bradmcevoy.http.http11.auth.ExpiredNonceRemover" daemon [_thread_blocked, id=29933, stack(0x00007f0c79099000,0x00007f0c7919a000)]
  0x00007f0c74a56000 JavaThread "H2 Log Writer DB" daemon [_thread_blocked, id=29932, stack(0x00007f0c794c1000,0x00007f0c795c2000)]
  0x00007f0c74a6f000 JavaThread "H2 File Lock Watchdog /proj/spliffy/spliffy-server/target/db.lock.db" daemon [_thread_blocked, id=29931, stack(0x00007f0c793c0000,0x00007f0c794c1000)]
  0x00007f0c74fd0000 JavaThread "Timer-0" daemon [_thread_blocked, id=29925, stack(0x00007f0c795c2000,0x00007f0c796c3000)]
  0x00007f0c74b76000 JavaThread "717685495@qtp-1818255227-1 - Acceptor0 SelectChannelConnector@0.0.0.0:8080" [_thread_in_native, id=29924, stack(0x00007f0c79830000,0x00007f0c79931000)]
=>0x00007f0c74b75800 JavaThread "427406452@qtp-1818255227-0" [_thread_in_native, id=29923, stack(0x00007f0c79931000,0x00007f0c79a32000)]
  0x00007f0c74055000 JavaThread "Service Thread" daemon [_thread_blocked, id=29919, stack(0x00007f0c7a073000,0x00007f0c7a174000)]
  0x00007f0c74052800 JavaThread "C2 CompilerThread1" daemon [_thread_blocked, id=29918, stack(0x00007f0c7a174000,0x00007f0c7a275000)]
  0x00007f0c7404f800 JavaThread "C2 CompilerThread0" daemon [_thread_blocked, id=29917, stack(0x00007f0c7a275000,0x00007f0c7a376000)]
  0x00007f0c7404d000 JavaThread "Signal Dispatcher" daemon [_thread_blocked, id=29916, stack(0x00007f0c7a376000,0x00007f0c7a477000)]
  0x00007f0c74001000 JavaThread "Finalizer" daemon [_thread_blocked, id=29915, stack(0x00007f0c7a5ef000,0x00007f0c7a6f0000)]
  0x000000000106b000 JavaThread "Reference Handler" daemon [_thread_blocked, id=29914, stack(0x00007f0c7a6f0000,0x00007f0c7a7f1000)]
  0x0000000000fdb800 JavaThread "main" [_thread_blocked, id=29906, stack(0x00007f0c811eb000,0x00007f0c812ec000)]

Other Threads:
  0x0000000001063800 VMThread [stack: 0x00007f0c7a7f1000,0x00007f0c7a8f2000] [id=29913]
  0x00007f0c74060000 WatcherThread [stack: 0x00007f0c79f72000,0x00007f0c7a073000] [id=29920]

VM state:not at safepoint (normal execution)

VM Mutex/Monitor currently owned by a thread: None

Heap
 PSYoungGen      total 133568K, used 124177K [0x00000007d64b0000, 0x00000007dec50000, 0x0000000800000000)
  eden space 128256K, 92% used [0x00000007d64b0000,0x00000007dd8c4608,0x00000007de1f0000)
  from space 5312K, 100% used [0x00000007de720000,0x00000007dec50000,0x00000007dec50000)
  to   space 5312K, 0% used [0x00000007de1f0000,0x00000007de1f0000,0x00000007de720000)
 PSOldGen        total 85440K, used 8142K [0x0000000782e00000, 0x0000000788170000, 0x00000007d64b0000)
  object space 85440K, 9% used [0x0000000782e00000,0x00000007835f3ba8,0x0000000788170000)
 PSPermGen       total 32384K, used 32362K [0x000000077dc00000, 0x000000077fba0000, 0x0000000782e00000)
  object space 32384K, 99% used [0x000000077dc00000,0x000000077fb9a9d8,0x000000077fba0000)

Code Cache  [0x00007f0c7bf9d000, 0x00007f0c7c20d000, 0x00007f0c7ef9d000)
 total_blobs=1026 nmethods=652 adapters=326 free_code_cache=47025Kb largest_free_block=48061952

Dynamic libraries:
00400000-00401000 r-xp 00000000 08:04 46924474                           /mnt/home/home/brad/java/jdk1.7.0_02/bin/java
00600000-00601000 rw-p 00000000 08:04 46924474                           /mnt/home/home/brad/java/jdk1.7.0_02/bin/java
00fd5000-024ea000 rw-p 00000000 00:00 0                                  [heap]
77dc00000-77fba0000 rw-p 00000000 00:00 0 
77fba0000-782e00000 rw-p 00000000 00:00 0 
782e00000-788170000 rw-p 00000000 00:00 0 
788170000-7d64b0000 rw-p 00000000 00:00 0 
7d64b0000-7dec50000 rw-p 00000000 00:00 0 
7dec50000-800000000 rw-p 00000000 00:00 0 
7f0c74000000-7f0c75377000 rw-p 00000000 00:00 0 
7f0c75377000-7f0c78000000 ---p 00000000 00:00 0 
7f0c78f98000-7f0c78f9b000 ---p 00000000 00:00 0 
7f0c78f9b000-7f0c79099000 rw-p 00000000 00:00 0 
7f0c79099000-7f0c7909c000 ---p 00000000 00:00 0 
7f0c7909c000-7f0c7919a000 rw-p 00000000 00:00 0 
7f0c7919a000-7f0c791a5000 r-xp 00000000 08:02 29622725                   /lib/x86_64-linux-gnu/libnss_files-2.13.so
7f0c791a5000-7f0c793a4000 ---p 0000b000 08:02 29622725                   /lib/x86_64-linux-gnu/libnss_files-2.13.so
7f0c793a4000-7f0c793a5000 r--p 0000a000 08:02 29622725                   /lib/x86_64-linux-gnu/libnss_files-2.13.so
7f0c793a5000-7f0c793a6000 rw-p 0000b000 08:02 29622725                   /lib/x86_64-linux-gnu/libnss_files-2.13.so
7f0c793c0000-7f0c793c3000 ---p 00000000 00:00 0 
7f0c793c3000-7f0c794c1000 rw-p 00000000 00:00 0 
7f0c794c1000-7f0c794c4000 ---p 00000000 00:00 0 
7f0c794c4000-7f0c795c2000 rw-p 00000000 00:00 0 
7f0c795c2000-7f0c795c5000 ---p 00000000 00:00 0 
7f0c795c5000-7f0c796c3000 rw-p 00000000 00:00 0 
7f0c796c3000-7f0c796c9000 r--s 0008a000 08:04 56363569                   /mnt/home/home/brad/.m2/repository/com/sun/phobos/phobos-rhino/0.6.0/phobos-rhino-0.6.0.jar
7f0c796c9000-7f0c796d9000 r--s 000c4000 08:04 56363544                   /mnt/home/home/brad/.m2/repository/com/sun/phobos/freemarker/2.3.12/freemarker-2.3.12.jar
7f0c796d9000-7f0c796dc000 r--s 00011000 08:04 55575594                   /mnt/home/home/brad/.m2/repository/javax/servlet/servlet-api/2.3/servlet-api-2.3.jar
7f0c796dc000-7f0c796e1000 r--s 0002b000 08:04 46925589                   /mnt/home/home/brad/.m2/repository/org/springframework/spring-web/2.5.6/spring-web-2.5.6.jar
7f0c796e1000-7f0c796e7000 r--s 00040000 08:04 46925471                   /mnt/home/home/brad/.m2/repository/org/springframework/spring-core/2.5.6/spring-core-2.5.6.jar
7f0c796e7000-7f0c796ea000 r--s 00015000 08:04 46925430                   /mnt/home/home/brad/.m2/repository/org/springframework/spring-context-support/2.5.6/spring-context-support-2.5.6.jar
7f0c796ea000-7f0c796ec000 r--s 00000000 08:04 53216079                   /mnt/home/home/brad/.m2/repository/aopalliance/aopalliance/1.0/aopalliance-1.0.jar
7f0c796ec000-7f0c796f8000 r--s 00069000 08:04 47056143                   /mnt/home/home/brad/.m2/repository/org/springframework/spring-context/2.5.6/spring-context-2.5.6.jar
7f0c796f8000-7f0c79702000 r--s 0006e000 08:04 47056081                   /mnt/home/home/brad/.m2/repository/org/springframework/spring-beans/2.5.6/spring-beans-2.5.6.jar
7f0c79702000-7f0c7970b000 r--s 0005a000 08:04 46925724                   /mnt/home/home/brad/.m2/repository/org/springframework/spring-webmvc/2.5.6/spring-webmvc-2.5.6.jar
7f0c7970b000-7f0c79748000 r--s 00294000 08:04 46797700                   /mnt/home/home/brad/.m2/repository/org/springframework/spring/2.5.6/spring-2.5.6.jar
7f0c79748000-7f0c7974a000 r--s 00001000 08:04 55575617                   /mnt/home/home/brad/.m2/repository/javax/transaction/jta/1.0.1B/jta-1.0.1B.jar
7f0c7974a000-7f0c7974b000 r--s 00001000 08:04 55575988                   /mnt/home/home/brad/.m2/repository/javax/sql/jdbc-stdext/2.0/jdbc-stdext-2.0.jar
7f0c7974b000-7f0c79751000 r--s 0006d000 08:04 56761039                   /mnt/home/home/brad/.m2/repository/javassist/javassist/3.4.GA/javassist-3.4.GA.jar
7f0c79751000-7f0c79754000 r--s 0000e000 08:04 56761038                   /mnt/home/home/brad/.m2/repository/org/hibernate/hibernate-commons-annotations/3.0.0.ga/hibernate-commons-annotations-3.0.0.ga.jar
7f0c79754000-7f0c79757000 r--s 0001a000 08:04 56761015                   /mnt/home/home/brad/.m2/repository/org/hibernate/hibernate-entitymanager/3.3.2.GA/hibernate-entitymanager-3.3.2.GA.jar
7f0c79757000-7f0c7975a000 r--s 0000a000 08:04 56761014                   /mnt/home/home/brad/.m2/repository/org/hibernate/ejb3-persistence/1.0.1.GA/ejb3-persistence-1.0.1.GA.jar
7f0c7975a000-7f0c7975d000 r--s 0000a000 08:04 55575633                   /mnt/home/home/brad/.m2/repository/javax/persistence/persistence-api/1.0/persistence-api-1.0.jar
7f0c7975d000-7f0c79764000 r--s 00052000 08:04 47187601                   /mnt/home/home/brad/.m2/repository/org/hibernate/hibernate-annotations/3.2.0.ga/hibernate-annotations-3.2.0.ga.jar
7f0c79764000-7f0c7976a000 r--s 00025000 08:04 55706697                   /mnt/home/home/brad/.m2/repository/commons-collections/commons-collections/2.1.1/commons-collections-2.1.1.jar
7f0c7976a000-7f0c7976b000 r--s 00006000 08:04 53216350                   /mnt/home/home/brad/.m2/repository/asm/asm/1.5.3/asm-1.5.3.jar
7f0c7976b000-7f0c79771000 r--s 0003f000 08:04 55706732                   /mnt/home/home/brad/.m2/repository/cglib/cglib/2.1_3/cglib-2.1_3.jar
7f0c79771000-7f0c79777000 r--s 00067000 08:04 55575646                   /mnt/home/home/brad/.m2/repository/antlr/antlr/2.7.6/antlr-2.7.6.jar
7f0c79777000-7f0c7977c000 r--s 00048000 08:04 50860287                   /mnt/home/home/brad/.m2/repository/dom4j/dom4j/1.6.1/dom4j-1.6.1.jar
7f0c7977c000-7f0c7977e000 r--s 00003000 08:04 53216390                   /mnt/home/home/brad/.m2/repository/asm/asm-attrs/1.5.3/asm-attrs-1.5.3.jar
7f0c7977e000-7f0c79780000 r--s 00008000 08:04 55706944                   /mnt/home/home/brad/.m2/repository/commons-logging/commons-logging/1.0.4/commons-logging-1.0.4.jar
7f0c79780000-7f0c79784000 r--s 0002f000 08:04 55575744                   /mnt/home/home/brad/.m2/repository/net/sf/ehcache/ehcache/1.2.3/ehcache-1.2.3.jar
7f0c79784000-7f0c797a5000 r--s 00206000 08:04 47187586                   /mnt/home/home/brad/.m2/repository/org/hibernate/hibernate/3.2.5.ga/hibernate-3.2.5.ga.jar
7f0c797a5000-7f0c797ae000 r--s 0011c000 08:04 53609565                   /mnt/home/home/brad/.m2/repository/com/h2database/h2/1.2.144/h2-1.2.144.jar
7f0c797ae000-7f0c797b2000 r--s 00027000 08:04 56361932                   /mnt/home/home/brad/.m2/repository/commons-io/commons-io/2.2/commons-io-2.2.jar
7f0c797b2000-7f0c797b4000 r--s 00011000 08:04 51250505                   /mnt/home/home/brad/.m2/repository/org/hamcrest/hamcrest-core/1.1/hamcrest-core-1.1.jar
7f0c797b4000-7f0c797bb000 r--s 00036000 08:04 56361928                   /mnt/home/home/brad/.m2/repository/junit/junit/4.9/junit-4.9.jar
7f0c797bb000-7f0c797c2000 r--s 0004b000 08:04 61866097                   /mnt/home/home/brad/.m2/repository/com/ettrema/milton-caldav/1.8.0-SNAPSHOT/milton-caldav-1.8.0-SNAPSHOT.jar
7f0c797c2000-7f0c797c5000 r--s 0000c000 08:04 55837553                   /mnt/home/home/brad/.m2/repository/commons-fileupload/commons-fileupload/1.2.1/commons-fileupload-1.2.1.jar
7f0c797c5000-7f0c797c7000 r--s 00003000 08:04 52954371                   /mnt/home/home/brad/.m2/repository/org/slf4j/jcl-over-slf4j/1.5.2/jcl-over-slf4j-1.5.2.jar
7f0c797c7000-7f0c797c9000 r--s 0000b000 08:04 62914933                   /mnt/home/home/brad/.m2/repository/com/ettrema/milton-servlet/1.8.0-SNAPSHOT/milton-servlet-1.8.0-SNAPSHOT.jar
7f0c797c9000-7f0c797d6000 r--s 0008e000 08:04 52954085                   /mnt/home/home/brad/.m2/repository/org/apache/mina/mina-core/2.0.0-M4/mina-core-2.0.0-M4.jar
7f0c797d6000-7f0c797d8000 r--s 00004000 08:04 51512830                   /mnt/home/home/brad/.m2/repository/org/apache/ftpserver/ftplet-api/1.0.1/ftplet-api-1.0.1.jar
7f0c797d8000-7f0c797de000 r--s 0003d000 08:04 51512823                   /mnt/home/home/brad/.m2/repository/org/apache/ftpserver/ftpserver-core/1.0.1/ftpserver-core-1.0.1.jar
7f0c797de000-7f0c797df000 r--s 00007000 08:04 61866115                   /mnt/home/home/brad/.m2/repository/com/ettrema/milton-ftp/1.8.0-SNAPSHOT/milton-ftp-1.8.0-SNAPSHOT.jar
7f0c797df000-7f0c797e0000 r--s 00004000 08:04 63045752                   /mnt/home/home/brad/.m2/repository/com/ettrema/milton-filesystem/1.8.0-SNAPSHOT/milton-filesystem-1.8.0-SNAPSHOT.jar
7f0c797e0000-7f0c797e1000 r--s 00005000 08:04 52954296                   /mnt/home/home/brad/.m2/repository/org/slf4j/slf4j-api/1.5.8/slf4j-api-1.5.8.jar
7f0c797e1000-7f0c797e6000 r--s 00034000 08:04 46665202                   /mnt/home/home/brad/.m2/repository/commons-beanutils/commons-beanutils/1.8.2/commons-beanutils-1.8.2.jar
7f0c797e6000-7f0c797ed000 r--s 00053000 08:04 53216220                   /mnt/home/home/brad/.m2/repository/log4j/log4j/1.2.14/log4j-1.2.14.jar
7f0c797ed000-7f0c797ee000 r--s 00002000 08:04 52954320                   /mnt/home/home/brad/.m2/repository/org/slf4j/slf4j-log4j12/1.5.6/slf4j-log4j12-1.5.6.jar
7f0c797ee000-7f0c797f0000 r--s 0001c000 08:04 55837704                   /mnt/home/home/brad/.m2/repository/eu/medsea/mimeutil/mime-util/2.1.3/mime-util-2.1.3.jar
7f0c797f0000-7f0c797f2000 r--s 0000d000 08:04 55051909                   /mnt/home/home/brad/.m2/repository/commons-codec/commons-codec/1.4/commons-codec-1.4.jar
7f0c797f2000-7f0c797f5000 r--s 00023000 08:04 51381340                   /mnt/home/home/brad/.m2/repository/org/jdom/jdom/1.1/jdom-1.1.jar
7f0c797f5000-7f0c797fe000 r--s 00060000 08:04 61866091                   /mnt/home/home/brad/.m2/repository/com/ettrema/milton-api/1.8.0-SNAPSHOT/milton-api-1.8.0-SNAPSHOT.jar
7f0c797fe000-7f0c797ff000 r--s 00005000 08:04 56361922                   /mnt/home/home/brad/.m2/repository/hashsplit4j/hashsplit4j-lib/1.0.0-SNAPSHOT/hashsplit4j-lib-1.0.0-SNAPSHOT.jar
7f0c797ff000-7f0c79804000 r--s 00016000 08:04 55051813                   /mnt/home/home/brad/.m2/repository/xml-apis/xml-apis/1.0.b2/xml-apis-1.0.b2.jar
7f0c79804000-7f0c79807000 r--s 00013000 08:04 55575699                   /mnt/home/home/brad/.m2/repository/net/sf/ezmorph/ezmorph/1.0.6/ezmorph-1.0.6.jar
7f0c79807000-7f0c7980c000 r--s 00040000 08:04 55051776                   /mnt/home/home/brad/.m2/repository/commons-lang/commons-lang/2.5/commons-lang-2.5.jar
7f0c7980c000-7f0c7980f000 r--s 00024000 08:04 55575687                   /mnt/home/home/brad/.m2/repository/net/sf/json-lib/json-lib/2.4/json-lib-2.4-jdk15.jar
7f0c7980f000-7f0c79815000 r--s 00045000 08:04 55837719                   /mnt/home/home/brad/.m2/repository/commons-httpclient/commons-httpclient/3.1/commons-httpclient-3.1.jar
7f0c79815000-7f0c79823000 r--s 0010d000 08:04 53216172                   /mnt/home/home/brad/.m2/repository/berkeleydb/je/3.2.76/je-3.2.76.jar
7f0c79823000-7f0c79826000 r--s 00015000 08:04 55707068                   /mnt/home/home/brad/.m2/repository/commons-pool/commons-pool/1.5.4/commons-pool-1.5.4.jar
7f0c79826000-7f0c79829000 r--s 00025000 08:04 55051694                   /mnt/home/home/brad/.m2/repository/commons-dbcp/commons-dbcp/1.4/commons-dbcp-1.4.jar
7f0c79829000-7f0c7982a000 r--s 00009000 08:04 60819364                   /mnt/home/home/brad/.m2/repository/com/ettrema/endrick-context/1.7.8/endrick-context-1.7.8.jar
7f0c7982a000-7f0c7982c000 r--s 00012000 08:04 61737299                   /mnt/home/home/brad/.m2/repository/com/ettrema/endrick-common/1.7.8/endrick-common-1.7.8.jar
7f0c7982c000-7f0c7982d000 r--s 00006000 08:04 62129331                   /mnt/home/home/brad/.m2/repository/com/ettrema/endrick-cache/1.7.8/endrick-cache-1.7.8.jar
7f0c7982d000-7f0c7982f000 r--s 0000d000 08:04 62914939                   /mnt/home/home/brad/.m2/repository/com/ettrema/milton-client/1.8.0-SNAPSHOT/milton-client-1.8.0-SNAPSHOT.jar
7f0c7982f000-7f0c79830000 r--s 00001000 08:04 56761090                   /mnt/home/home/brad/.m2/repository/spliffy/spliffy-lib/1.0.0-SNAPSHOT/spliffy-lib-1.0.0-SNAPSHOT.jar
7f0c79830000-7f0c79833000 ---p 00000000 00:00 0 
7f0c79833000-7f0c79931000 rw-p 00000000 00:00 0 
7f0c79931000-7f0c79934000 ---p 00000000 00:00 0 
7f0c79934000-7f0c79a32000 rw-p 00000000 00:00 0 
7f0c79a32000-7f0c79a3b000 r--s 00254000 08:04 46927811                   /mnt/home/home/brad/java/jdk1.7.0_02/jre/lib/resources.jar
7f0c79a3b000-7f0c79a3d000 r--s 00002000 08:04 50607626                   /mnt/home/home/brad/.m2/repository/org/codehaus/plexus/plexus-compiler-javac/1.8.1/plexus-compiler-javac-1.8.1.jar
7f0c79a3d000-7f0c79a3f000 r--s 00000000 08:04 50607706                   /mnt/home/home/brad/.m2/repository/org/codehaus/plexus/plexus-compiler-manager/1.8.1/plexus-compiler-manager-1.8.1.jar
7f0c79a3f000-7f0c79a40000 r--s 00004000 08:04 50607724                   /mnt/home/home/brad/.m2/repository/org/codehaus/plexus/plexus-compiler-api/1.8.1/plexus-compiler-api-1.8.1.jar
7f0c79a40000-7f0c79a42000 r--s 00006000 08:04 52167722                   /mnt/home/home/brad/.m2/repository/org/apache/maven/plugins/maven-compiler-plugin/2.3.2/maven-compiler-plugin-2.3.2.jar
7f0c79a42000-7f0c79a44000 r--s 0000d000 08:04 50607612                   /mnt/home/home/brad/.m2/repository/org/codehaus/plexus/plexus-interpolation/1.13/plexus-interpolation-1.13.jar
7f0c79a44000-7f0c79a45000 r--s 00001000 08:04 47056296                   /mnt/home/home/brad/.m2/repository/org/sonatype/plexus/plexus-build-api/0.0.4/plexus-build-api-0.0.4.jar
7f0c79a45000-7f0c79a47000 r--s 00009000 08:04 52823204                   /mnt/home/home/brad/.m2/repository/org/apache/maven/shared/maven-filtering/1.0/maven-filtering-1.0.jar
7f0c79a47000-7f0c79a4b000 r--s 00033000 08:04 50607824                   /mnt/home/home/brad/.m2/repository/org/codehaus/plexus/plexus-utils/2.0.5/plexus-utils-2.0.5.jar
7f0c79a4b000-7f0c79a4e000 r--s 0001b000 08:04 53347236                   /mnt/home/home/brad/.m2/repository/junit/junit/3.8.1/junit-3.8.1.jar
7f0c79a4e000-7f0c79a50000 r--s 00002000 08:04 50607686                   /mnt/home/home/brad/.m2/repository/org/codehaus/plexus/plexus-interactivity-api/1.0-alpha-4/plexus-interactivity-api-1.0-alpha-4.jar
7f0c79a50000-7f0c79a52000 r--s 00006000 08:04 53216180                   /mnt/home/home/brad/.m2/repository/commons-cli/commons-cli/1.0/commons-cli-1.0.jar
7f0c79a52000-7f0c79a53000 r--s 00001000 08:04 52692327                   /mnt/home/home/brad/.m2/repository/org/apache/maven/doxia/doxia-sink-api/1.0-alpha-7/doxia-sink-api-1.0-alpha-7.jar
7f0c79a53000-7f0c79a54000 r--s 00002000 08:04 52299030                   /mnt/home/home/brad/.m2/repository/org/apache/maven/reporting/maven-reporting-api/2.0.6/maven-reporting-api-2.0.6.jar
7f0c79a54000-7f0c79a56000 r--s 00005000 08:04 52167648                   /mnt/home/home/brad/.m2/repository/org/apache/maven/plugins/maven-resources-plugin/2.5/maven-resources-plugin-2.5.jar
7f0c79a56000-7f0c79a58000 r--s 00003000 08:04 53085560                   /mnt/home/home/brad/.m2/repository/org/mortbay/jetty/start/6.1.26/start-6.1.26.jar
7f0c79a58000-7f0c79a5a000 r--s 00002000 08:04 53085391                   /mnt/home/home/brad/.m2/repository/org/mortbay/jetty/jetty-annotations/6.1.26/jetty-annotations-6.1.26.jar
7f0c79a5a000-7f0c79a69000 r--s 000ee000 08:04 55575903                   /mnt/home/home/brad/.m2/repository/ant/ant/1.6.5/ant-1.6.5.jar
7f0c79a69000-7f0c79a77000 r--s 0018b000 08:04 53085355                   /mnt/home/home/brad/.m2/repository/org/eclipse/jdt/core/compiler/ecj/3.5.1/ecj-3.5.1.jar
7f0c79a77000-7f0c79a88000 r--s 000ea000 08:04 53085490                   /mnt/home/home/brad/.m2/repository/org/mortbay/jetty/jsp-2.1-glassfish/2.1.v20091210/jsp-2.1-glassfish-2.1.v20091210.jar
7f0c79a88000-7f0c79a8c000 r--s 0001e000 08:04 53085645                   /mnt/home/home/brad/.m2/repository/org/mortbay/jetty/jsp-api-2.1-glassfish/2.1.v20091210/jsp-api-2.1-glassfish-2.1.v20091210.jar
7f0c79a8c000-7f0c79aaf000 r--s 00344000 08:04 53085360                   /mnt/home/home/brad/.m2/repository/org/eclipse/jdt/core/3.1.1/core-3.1.1.jar
7f0c79aaf000-7f0c79ab1000 r--s 00000000 08:04 53085370                   /mnt/home/home/brad/.m2/repository/org/mortbay/jetty/jsp-2.1-jetty/6.1.26/jsp-2.1-jetty-6.1.26.jar
7f0c79ab1000-7f0c79ab3000 r--s 00007000 08:04 53085514                   /mnt/home/home/brad/.m2/repository/org/mortbay/jetty/jetty-management/6.1.26/jetty-management-6.1.26.jar
7f0c79ab3000-7f0c79ab9000 r--s 00059000 08:04 55444731                   /mnt/home/home/brad/.m2/repository/javax/mail/mail/1.4/mail-1.4.jar
7f0c79ab9000-7f0c79abc000 ---p 00000000 00:00 0 
7f0c79abc000-7f0c79ad3000 rw-p 00000000 00:00 0 
7f0c79ad3000-7f0c79ae8000 r-xp 00000000 08:04 46924556                   /mnt/home/home/brad/java/jdk1.7.0_02/jre/lib/amd64/libnet.so
7f0c79ae8000-7f0c79ce8000 ---p 00015000 08:04 46924556                   /mnt/home/home/brad/java/jdk1.7.0_02/jre/lib/amd64/libnet.so
7f0c79ce8000-7f0c79ce9000 rw-p 00015000 08:04 46924556                   /mnt/home/home/brad/java/jdk1.7.0_02/jre/lib/amd64/libnet.so
7f0c79ce9000-7f0c79cf9000 r-xp 00000000 08:04 46924571                   /mnt/home/home/brad/java/jdk1.7.0_02/jre/lib/amd64/libnio.so
7f0c79cf9000-7f0c79ef9000 ---p 00010000 08:04 46924571                   /mnt/home/home/brad/java/jdk1.7.0_02/jre/lib/amd64/libnio.so
7f0c79ef9000-7f0c79efa000 rw-p 00010000 08:04 46924571                   /mnt/home/home/brad/java/jdk1.7.0_02/jre/lib/amd64/libnio.so
7f0c79efa000-7f0c79efe000 r--s 0001c000 08:04 46534441                   /mnt/home/home/brad/netbeans-7.1/java/maven/lib/aether-util-1.13.1.jar
7f0c79efe000-7f0c79f02000 r--s 00012000 08:04 46534409                   /mnt/home/home/brad/netbeans-7.1/java/maven/lib/aether-api-1.13.1.jar
7f0c79f02000-7f0c79f04000 r--s 00000000 08:04 46533580                   /mnt/home/home/brad/netbeans-7.1/java/maven/lib/plexus-component-annotations-1.5.5.jar
7f0c79f04000-7f0c79f06000 r--s 00009000 08:04 46534450                   /mnt/home/home/brad/netbeans-7.1/java/maven/lib/maven-embedder-3.0.4.jar
7f0c79f06000-7f0c79f12000 r--s 0007b000 08:04 46534449                   /mnt/home/home/brad/netbeans-7.1/java/maven/lib/maven-core-3.0.4.jar
7f0c79f12000-7f0c79f17000 r--s 00020000 08:04 46534452                   /mnt/home/home/brad/netbeans-7.1/java/maven/lib/maven-model-builder-3.0.4.jar
7f0c79f17000-7f0c79f1a000 r--s 0001d000 08:04 46534439                   /mnt/home/home/brad/netbeans-7.1/java/maven/lib/aether-impl-1.13.1.jar
7f0c79f1a000-7f0c79f1c000 r--s 00002000 08:04 46534457                   /mnt/home/home/brad/netbeans-7.1/java/maven/lib/plexus-cipher-1.7.jar
7f0c79f1c000-7f0c79f1e000 r--s 0000a000 08:04 46534453                   /mnt/home/home/brad/netbeans-7.1/java/maven/lib/maven-plugin-api-3.0.4.jar
7f0c79f1e000-7f0c79f25000 r--s 0003e000 08:04 46534460                   /mnt/home/home/brad/netbeans-7.1/java/maven/lib/sisu-inject-bean-2.3.0.jar
7f0c79f25000-7f0c79f28000 r--s 00008000 08:04 46534456                   /mnt/home/home/brad/netbeans-7.1/java/maven/lib/maven-settings-builder-3.0.4.jar
7f0c79f28000-7f0c79f29000 r--s 00003000 08:04 46534440                   /mnt/home/home/brad/netbeans-7.1/java/maven/lib/aether-spi-1.13.1.jar
7f0c79f29000-7f0c79f2b000 r--s 00006000 08:04 46534418                   /mnt/home/home/brad/netbeans-7.1/java/maven/lib/aether-connector-wagon-1.13.1.jar
7f0c79f2b000-7f0c79f2d000 r--s 0000d000 08:04 46533725                   /mnt/home/home/brad/netbeans-7.1/java/maven/lib/plexus-interpolation-1.14.jar
7f0c79f2d000-7f0c79f30000 r--s 00025000 08:04 46534451                   /mnt/home/home/brad/netbeans-7.1/java/maven/lib/maven-model-3.0.4.jar
7f0c79f30000-7f0c79f32000 r--s 00006000 08:04 46534454                   /mnt/home/home/brad/netbeans-7.1/java/maven/lib/maven-repository-metadata-3.0.4.jar
7f0c79f32000-7f0c79f35000 r--s 00033000 08:04 46533787                   /mnt/home/home/brad/netbeans-7.1/java/maven/lib/plexus-utils-2.0.6.jar
7f0c79f35000-7f0c79f36000 r--s 00002000 08:04 46534462                   /mnt/home/home/brad/netbeans-7.1/java/maven/lib/wagon-file-2.2.jar
7f0c79f36000-7f0c79f54000 r--s 0014f000 08:04 46534458                   /mnt/home/home/brad/netbeans-7.1/java/maven/lib/sisu-guava-0.9.9.jar
7f0c79f54000-7f0c79f56000 r--s 0000c000 08:04 46534446                   /mnt/home/home/brad/netbeans-7.1/java/maven/lib/maven-aether-provider-3.0.4.jar
7f0c79f56000-7f0c79f5c000 r--s 0003e000 08:04 46534448                   /mnt/home/home/brad/netbeans-7.1/java/maven/lib/maven-compat-3.0.4.jar
7f0c79f5c000-7f0c79f64000 r--s 0004e000 08:04 46534459                   /mnt/home/home/brad/netbeans-7.1/java/maven/lib/sisu-guice-3.1.0-no_aop.jar
7f0c79f64000-7f0c79f66000 r--s 0000a000 08:04 46534455                   /mnt/home/home/brad/netbeans-7.1/java/maven/lib/maven-settings-3.0.4.jar
7f0c79f66000-7f0c79f6c000 r--s 0002b000 08:04 46534461                   /mnt/home/home/brad/netbeans-7.1/java/maven/lib/sisu-inject-plexus-2.3.0.jar
7f0c79f6c000-7f0c79f6e000 r--s 0000b000 08:04 46534447                   /mnt/home/home/brad/netbeans-7.1/java/maven/lib/maven-artifact-3.0.4.jar
7f0c79f6e000-7f0c79f6f000 r--s 00009000 08:04 46533809                   /mnt/home/home/brad/netbeans-7.1/java/maven/lib/commons-cli-1.2.jar
7f0c79f6f000-7f0c79f70000 r--s 00006000 08:04 46533727                   /mnt/home/home/brad/netbeans-7.1/java/maven/lib/plexus-sec-dispatcher-1.3.jar
7f0c79f70000-7f0c79f72000 r--s 0000a000 08:04 46533753                   /mnt/home/home/brad/netbeans-7.1/java/maven/boot/plexus-classworlds-2.4.jar
7f0c79f72000-7f0c79f73000 ---p 00000000 00:00 0 
7f0c79f73000-7f0c7a073000 rw-p 00000000 00:00 0 
7f0c7a073000-7f0c7a076000 ---p 00000000 00:00 0 
7f0c7a076000-7f0c7a174000 rw-p 00000000 00:00 0 
7f0c7a174000-7f0c7a177000 ---p 00000000 00:00 0 
7f0c7a177000-7f0c7a275000 rw-p 00000000 00:00 0 
7f0c7a275000-7f0c7a278000 ---p 00000000 00:00 0 
7f0c7a278000-7f0c7a376000 rw-p 00000000 00:00 0 
7f0c7a376000-7f0c7a379000 ---p 00000000 00:00 0 
7f0c7a379000-7f0c7a477000 rw-p 00000000 00:00 0 
7f0c7a477000-7f0c7a5ef000 r--p 00000000 08:02 13239673                   /usr/lib/locale/locale-archive
7f0c7a5ef000-7f0c7a5f2000 ---p 00000000 00:00 0 
7f0c7a5f2000-7f0c7a6f0000 rw-p 00000000 00:00 0 
7f0c7a6f0000-7f0c7a6f3000 ---p 00000000 00:00 0 
7f0c7a6f3000-7f0c7a7f1000 rw-p 00000000 00:00 0 
7f0c7a7f1000-7f0c7a7f2000 ---p 00000000 00:00 0 
7f0c7a7f2000-7f0c7b069000 rw-p 00000000 00:00 0 
7f0c7b069000-7f0c7b228000 r--s 039ff000 08:04 46924548                   /mnt/home/home/brad/java/jdk1.7.0_02/jre/lib/rt.jar
7f0c7b228000-7f0c7b229000 ---p 00000000 00:00 0 
7f0c7b229000-7f0c7b329000 rw-p 00000000 00:00 0 
7f0c7b329000-7f0c7b32a000 ---p 00000000 00:00 0 
7f0c7b32a000-7f0c7b42a000 rw-p 00000000 00:00 0 
7f0c7b42a000-7f0c7b42b000 ---p 00000000 00:00 0 
7f0c7b42b000-7f0c7b52b000 rw-p 00000000 00:00 0 
7f0c7b52b000-7f0c7b52c000 ---p 00000000 00:00 0 
7f0c7b52c000-7f0c7b62c000 rw-p 00000000 00:00 0 
7f0c7b62c000-7f0c7b62d000 ---p 00000000 00:00 0 
7f0c7b62d000-7f0c7b72d000 rw-p 00000000 00:00 0 
7f0c7b72d000-7f0c7b72e000 ---p 00000000 00:00 0 
7f0c7b72e000-7f0c7b858000 rw-p 00000000 00:00 0 
7f0c7b858000-7f0c7baca000 rw-p 00000000 00:00 0 
7f0c7baca000-7f0c7bada000 rw-p 00000000 00:00 0 
7f0c7bada000-7f0c7baf3000 rw-p 00000000 00:00 0 
7f0c7baf3000-7f0c7bb1d000 rw-p 00000000 00:00 0 
7f0c7bb1d000-7f0c7bd8e000 rw-p 00000000 00:00 0 
7f0c7bd8e000-7f0c7bdd3000 rw-p 00000000 00:00 0 
7f0c7bdd3000-7f0c7bedc000 rw-p 00000000 00:00 0 
7f0c7bedc000-7f0c7bee7000 rw-p 00000000 00:00 0 
7f0c7bee7000-7f0c7bf9d000 rw-p 00000000 00:00 0 
7f0c7bf9d000-7f0c7c20d000 rwxp 00000000 00:00 0 
7f0c7c20d000-7f0c7ef9d000 rw-p 00000000 00:00 0 
7f0c7ef9d000-7f0c7efb7000 r-xp 00000000 08:04 46924569                   /mnt/home/home/brad/java/jdk1.7.0_02/jre/lib/amd64/libzip.so
7f0c7efb7000-7f0c7f1b7000 ---p 0001a000 08:04 46924569                   /mnt/home/home/brad/java/jdk1.7.0_02/jre/lib/amd64/libzip.so
7f0c7f1b7000-7f0c7f1b8000 rw-p 0001a000 08:04 46924569                   /mnt/home/home/brad/java/jdk1.7.0_02/jre/lib/amd64/libzip.so
7f0c7f1b8000-7f0c7f1e1000 r-xp 00000000 08:04 46925054                   /mnt/home/home/brad/java/jdk1.7.0_02/jre/lib/amd64/libjava.so
7f0c7f1e1000-7f0c7f3e1000 ---p 00029000 08:04 46925054                   /mnt/home/home/brad/java/jdk1.7.0_02/jre/lib/amd64/libjava.so
7f0c7f3e1000-7f0c7f3e3000 rw-p 00029000 08:04 46925054                   /mnt/home/home/brad/java/jdk1.7.0_02/jre/lib/amd64/libjava.so
7f0c7f3e3000-7f0c7f3f2000 r-xp 00000000 08:04 46924557                   /mnt/home/home/brad/java/jdk1.7.0_02/jre/lib/amd64/libverify.so
7f0c7f3f2000-7f0c7f5f1000 ---p 0000f000 08:04 46924557                   /mnt/home/home/brad/java/jdk1.7.0_02/jre/lib/amd64/libverify.so
7f0c7f5f1000-7f0c7f5f3000 rw-p 0000e000 08:04 46924557                   /mnt/home/home/brad/java/jdk1.7.0_02/jre/lib/amd64/libverify.so
7f0c7f5f3000-7f0c7f5fa000 r-xp 00000000 08:02 29622744                   /lib/x86_64-linux-gnu/librt-2.13.so
7f0c7f5fa000-7f0c7f7f9000 ---p 00007000 08:02 29622744                   /lib/x86_64-linux-gnu/librt-2.13.so
7f0c7f7f9000-7f0c7f7fa000 r--p 00006000 08:02 29622744                   /lib/x86_64-linux-gnu/librt-2.13.so
7f0c7f7fa000-7f0c7f7fb000 rw-p 00007000 08:02 29622744                   /lib/x86_64-linux-gnu/librt-2.13.so
7f0c7f7fb000-7f0c7f87c000 r-xp 00000000 08:02 29622734                   /lib/x86_64-linux-gnu/libm-2.13.so
7f0c7f87c000-7f0c7fa7b000 ---p 00081000 08:02 29622734                   /lib/x86_64-linux-gnu/libm-2.13.so
7f0c7fa7b000-7f0c7fa7c000 r--p 00080000 08:02 29622734                   /lib/x86_64-linux-gnu/libm-2.13.so
7f0c7fa7c000-7f0c7fa7d000 rw-p 00081000 08:02 29622734                   /lib/x86_64-linux-gnu/libm-2.13.so
7f0c7fa7d000-7f0c8045d000 r-xp 00000000 08:04 46925062                   /mnt/home/home/brad/java/jdk1.7.0_02/jre/lib/amd64/server/libjvm.so
7f0c8045d000-7f0c8065d000 ---p 009e0000 08:04 46925062                   /mnt/home/home/brad/java/jdk1.7.0_02/jre/lib/amd64/server/libjvm.so
7f0c8065d000-7f0c806fa000 rw-p 009e0000 08:04 46925062                   /mnt/home/home/brad/java/jdk1.7.0_02/jre/lib/amd64/server/libjvm.so
7f0c806fa000-7f0c80733000 rw-p 00000000 00:00 0 
7f0c80733000-7f0c808ad000 r-xp 00000000 08:02 29622732                   /lib/x86_64-linux-gnu/libc-2.13.so
7f0c808ad000-7f0c80aad000 ---p 0017a000 08:02 29622732                   /lib/x86_64-linux-gnu/libc-2.13.so
7f0c80aad000-7f0c80ab1000 r--p 0017a000 08:02 29622732                   /lib/x86_64-linux-gnu/libc-2.13.so
7f0c80ab1000-7f0c80ab2000 rw-p 0017e000 08:02 29622732                   /lib/x86_64-linux-gnu/libc-2.13.so
7f0c80ab2000-7f0c80ab7000 rw-p 00000000 00:00 0 
7f0c80ab7000-7f0c80ab9000 r-xp 00000000 08:02 29622730                   /lib/x86_64-linux-gnu/libdl-2.13.so
7f0c80ab9000-7f0c80cb9000 ---p 00002000 08:02 29622730                   /lib/x86_64-linux-gnu/libdl-2.13.so
7f0c80cb9000-7f0c80cba000 r--p 00002000 08:02 29622730                   /lib/x86_64-linux-gnu/libdl-2.13.so
7f0c80cba000-7f0c80cbb000 rw-p 00003000 08:02 29622730                   /lib/x86_64-linux-gnu/libdl-2.13.so
7f0c80cbb000-7f0c80cd1000 r-xp 00000000 08:04 46924731                   /mnt/home/home/brad/java/jdk1.7.0_02/jre/lib/amd64/jli/libjli.so
7f0c80cd1000-7f0c80ed0000 ---p 00016000 08:04 46924731                   /mnt/home/home/brad/java/jdk1.7.0_02/jre/lib/amd64/jli/libjli.so
7f0c80ed0000-7f0c80ed1000 rw-p 00015000 08:04 46924731                   /mnt/home/home/brad/java/jdk1.7.0_02/jre/lib/amd64/jli/libjli.so
7f0c80ed1000-7f0c80ee8000 r-xp 00000000 08:02 29622729                   /lib/x86_64-linux-gnu/libpthread-2.13.so
7f0c80ee8000-7f0c810e7000 ---p 00017000 08:02 29622729                   /lib/x86_64-linux-gnu/libpthread-2.13.so
7f0c810e7000-7f0c810e8000 r--p 00016000 08:02 29622729                   /lib/x86_64-linux-gnu/libpthread-2.13.so
7f0c810e8000-7f0c810e9000 rw-p 00017000 08:02 29622729                   /lib/x86_64-linux-gnu/libpthread-2.13.so
7f0c810e9000-7f0c810ed000 rw-p 00000000 00:00 0 
7f0c810ed000-7f0c8110c000 r-xp 00000000 08:02 29622733                   /lib/x86_64-linux-gnu/ld-2.13.so
7f0c8110c000-7f0c8110d000 r--s 00002000 08:04 51775460                   /mnt/home/home/brad/.m2/repository/org/apache/geronimo/specs/geronimo-annotation_1.0_spec/1.0/geronimo-annotation_1.0_spec-1.0.jar
7f0c8110d000-7f0c8110f000 r--s 0000e000 08:04 55444821                   /mnt/home/home/brad/.m2/repository/javax/activation/activation/1.1/activation-1.1.jar
7f0c8110f000-7f0c81110000 r--s 00006000 08:04 53085413                   /mnt/home/home/brad/.m2/repository/org/mortbay/jetty/jetty-naming/6.1.26/jetty-naming-6.1.26.jar
7f0c81110000-7f0c81112000 r--s 00002000 08:04 53216119                   /mnt/home/home/brad/.m2/repository/geronimo-spec/geronimo-spec-jta/1.0.1B-rc4/geronimo-spec-jta-1.0.1B-rc4.jar
7f0c81112000-7f0c81114000 r--s 0000d000 08:04 53085683                   /mnt/home/home/brad/.m2/repository/org/mortbay/jetty/jetty-plus/6.1.26/jetty-plus-6.1.26.jar
7f0c81114000-7f0c81116000 r--s 00004000 08:04 52298889                   /mnt/home/home/brad/.m2/repository/org/apache/maven/maven-plugin-tools-api/2.0/maven-plugin-tools-api-2.0.jar
7f0c81116000-7f0c81119000 r--s 0001b000 08:04 53347201                   /mnt/home/home/brad/.m2/repository/junit/junit/3.8.2/junit-3.8.2.jar
7f0c81119000-7f0c8111c000 r--s 00027000 08:04 50607836                   /mnt/home/home/brad/.m2/repository/org/codehaus/plexus/plexus-utils/1.1/plexus-utils-1.1.jar
7f0c8111c000-7f0c8111e000 r--s 0001f000 08:04 53085712                   /mnt/home/home/brad/.m2/repository/org/mortbay/jetty/servlet-api/2.5-20081211/servlet-api-2.5-20081211.jar
7f0c8111e000-7f0c81122000 r--s 00028000 08:04 53085591                   /mnt/home/home/brad/.m2/repository/org/mortbay/jetty/jetty-util/6.1.26/jetty-util-6.1.26.jar
7f0c81122000-7f0c81134000 r--s 0009c000 08:04 46534463                   /mnt/home/home/brad/netbeans-7.1/java/maven/lib/wagon-http-2.2-shaded.jar
7f0c81134000-7f0c8119d000 rw-p 00000000 00:00 0 
7f0c8119d000-7f0c811b6000 rw-p 00000000 00:00 0 
7f0c811b6000-7f0c811eb000 r--s 00000000 08:02 2892871                    /var/cache/nscd/passwd
7f0c811eb000-7f0c811ee000 ---p 00000000 00:00 0 
7f0c811ee000-7f0c812f0000 rw-p 00000000 00:00 0 
7f0c812f0000-7f0c812f7000 r--s 0007d000 08:04 53085435                   /mnt/home/home/brad/.m2/repository/org/mortbay/jetty/jetty/6.1.26/jetty-6.1.26.jar
7f0c812f7000-7f0c812f9000 r--s 0000a000 08:04 53085655                   /mnt/home/home/brad/.m2/repository/org/mortbay/jetty/maven-jetty-plugin/6.1.26/maven-jetty-plugin-6.1.26.jar
7f0c812f9000-7f0c812fa000 r--p 00000000 00:00 0 
7f0c812fa000-7f0c812fe000 r--s 00088000 08:04 46924499                   /mnt/home/home/brad/java/jdk1.7.0_02/jre/lib/jsse.jar
7f0c812fe000-7f0c81300000 r--s 0000b000 08:04 46534464                   /mnt/home/home/brad/netbeans-7.1/java/maven/lib/wagon-provider-api-2.2.jar
7f0c81300000-7f0c81308000 rw-s 00000000 08:02 13633930                   /tmp/hsperfdata_brad/29900
7f0c81308000-7f0c81309000 rw-p 00000000 00:00 0 
7f0c81309000-7f0c8130a000 r--p 00000000 00:00 0 
7f0c8130a000-7f0c8130c000 rw-p 00000000 00:00 0 
7f0c8130c000-7f0c8130d000 r--p 0001f000 08:02 29622733                   /lib/x86_64-linux-gnu/ld-2.13.so
7f0c8130d000-7f0c8130e000 rw-p 00020000 08:02 29622733                   /lib/x86_64-linux-gnu/ld-2.13.so
7f0c8130e000-7f0c8130f000 rw-p 00000000 00:00 0 
7fffa7a3c000-7fffa7a5d000 rw-p 00000000 00:00 0                          [stack]
7fffa7b81000-7fffa7b82000 r-xp 00000000 00:00 0                          [vdso]
ffffffffff600000-ffffffffff601000 r-xp 00000000 00:00 0                  [vsyscall]

VM Arguments:
jvm_args: -Dclassworlds.conf=/mnt/home/home/brad/netbeans-7.1/java/maven/bin/m2.conf -Dmaven.home=/mnt/home/home/brad/netbeans-7.1/java/maven 
java_command: org.codehaus.plexus.classworlds.launcher.Launcher -Prun-linux jetty:stop compile
Launcher Type: SUN_STANDARD

Environment Variables:
JAVA_HOME=/home/brad/java/jdk1.7.0_02
PATH=/usr/local/bin:/usr/bin:/bin:/usr/local/games:/usr/games
USERNAME=brad
SHELL=/bin/bash
DISPLAY=:0.0

Signal Handlers:
SIGSEGV: [libjvm.so+0x856f20], sa_mask[0]=0x7ffbfeff, sa_flags=0x10000004
SIGBUS: [libjvm.so+0x856f20], sa_mask[0]=0x7ffbfeff, sa_flags=0x10000004
SIGFPE: [libjvm.so+0x6fd190], sa_mask[0]=0x7ffbfeff, sa_flags=0x10000004
SIGPIPE: [libjvm.so+0x6fd190], sa_mask[0]=0x7ffbfeff, sa_flags=0x10000004
SIGXFSZ: [libjvm.so+0x6fd190], sa_mask[0]=0x7ffbfeff, sa_flags=0x10000004
SIGILL: [libjvm.so+0x6fd190], sa_mask[0]=0x7ffbfeff, sa_flags=0x10000004
SIGUSR1: SIG_DFL, sa_mask[0]=0x00000000, sa_flags=0x00000000
SIGUSR2: [libjvm.so+0x6fcb00], sa_mask[0]=0x00000004, sa_flags=0x10000004
SIGHUP: [libjvm.so+0x6fee70], sa_mask[0]=0x7ffbfeff, sa_flags=0x10000004
SIGINT: SIG_IGN, sa_mask[0]=0x00000000, sa_flags=0x00000000
SIGTERM: [libjvm.so+0x6fee70], sa_mask[0]=0x7ffbfeff, sa_flags=0x10000004
SIGQUIT: [libjvm.so+0x6fee70], sa_mask[0]=0x7ffbfeff, sa_flags=0x10000004


---------------  S Y S T E M  ---------------

OS:wheezy/sid

uname:Linux 3.0.0-1-amd64 #1 SMP Sun Jul 24 02:24:44 UTC 2011 x86_64
libc:glibc 2.13 NPTL 2.13 
rlimit: STACK 8192k, CORE 0k, NPROC 63446, NOFILE 4096, AS infinity
load average:0.37 0.30 0.27

/proc/meminfo:
MemTotal:        8197256 kB
MemFree:          138296 kB
Buffers:          145600 kB
Cached:          4241716 kB
SwapCached:        24864 kB
Active:          4620648 kB
Inactive:        2770032 kB
Active(anon):    2457684 kB
Inactive(anon):   607612 kB
Active(file):    2162964 kB
Inactive(file):  2162420 kB
Unevictable:          80 kB
Mlocked:              80 kB
SwapTotal:      23999484 kB
SwapFree:       23792844 kB
Dirty:              6928 kB
Writeback:             4 kB
AnonPages:       2986048 kB
Mapped:           318548 kB
Shmem:             61816 kB
Slab:             308968 kB
SReclaimable:     219660 kB
SUnreclaim:        89308 kB
KernelStack:        4448 kB
PageTables:        33964 kB
NFS_Unstable:          0 kB
Bounce:                0 kB
WritebackTmp:          0 kB
CommitLimit:    28098112 kB
Committed_AS:    5421596 kB
VmallocTotal:   34359738367 kB
VmallocUsed:      313728 kB
VmallocChunk:   34359422488 kB
HardwareCorrupted:     0 kB
AnonHugePages:         0 kB
HugePages_Total:       0
HugePages_Free:        0
HugePages_Rsvd:        0
HugePages_Surp:        0
Hugepagesize:       2048 kB
DirectMap4k:      207424 kB
DirectMap2M:     7131136 kB
DirectMap1G:     1048576 kB


CPU:total 6 (6 cores per cpu, 1 threads per core) family 16 model 10 stepping 0, cmov, cx8, fxsr, mmx, sse, sse2, sse3, popcnt, mmxext, 3dnowpref, lzcnt, sse4a

/proc/cpuinfo:
processor	: 0
vendor_id	: AuthenticAMD
cpu family	: 16
model		: 10
model name	: AMD Phenom(tm) II X6 1075T Processor
stepping	: 0
cpu MHz		: 2207.722
cache size	: 512 KB
physical id	: 0
siblings	: 6
core id		: 0
cpu cores	: 6
apicid		: 0
initial apicid	: 0
fpu		: yes
fpu_exception	: yes
cpuid level	: 6
wp		: yes
flags		: fpu vme de pse tsc msr pae mce cx8 apic sep mtrr pge mca cmov pat pse36 clflush mmx fxsr sse sse2 ht syscall nx mmxext fxsr_opt pdpe1gb rdtscp lm 3dnowext 3dnow constant_tsc rep_good nopl nonstop_tsc extd_apicid aperfmperf pni monitor cx16 popcnt lahf_lm cmp_legacy svm extapic cr8_legacy abm sse4a misalignsse 3dnowprefetch osvw ibs skinit wdt cpb npt lbrv svm_lock nrip_save pausefilter
bogomips	: 4415.44
TLB size	: 1024 4K pages
clflush size	: 64
cache_alignment	: 64
address sizes	: 48 bits physical, 48 bits virtual
power management: ts ttp tm stc 100mhzsteps hwpstate [9]

processor	: 1
vendor_id	: AuthenticAMD
cpu family	: 16
model		: 10
model name	: AMD Phenom(tm) II X6 1075T Processor
stepping	: 0
cpu MHz		: 2207.722
cache size	: 512 KB
physical id	: 0
siblings	: 6
core id		: 1
cpu cores	: 6
apicid		: 1
initial apicid	: 1
fpu		: yes
fpu_exception	: yes
cpuid level	: 6
wp		: yes
flags		: fpu vme de pse tsc msr pae mce cx8 apic sep mtrr pge mca cmov pat pse36 clflush mmx fxsr sse sse2 ht syscall nx mmxext fxsr_opt pdpe1gb rdtscp lm 3dnowext 3dnow constant_tsc rep_good nopl nonstop_tsc extd_apicid aperfmperf pni monitor cx16 popcnt lahf_lm cmp_legacy svm extapic cr8_legacy abm sse4a misalignsse 3dnowprefetch osvw ibs skinit wdt cpb npt lbrv svm_lock nrip_save pausefilter
bogomips	: 4414.70
TLB size	: 1024 4K pages
clflush size	: 64
cache_alignment	: 64
address sizes	: 48 bits physical, 48 bits virtual
power management: ts ttp tm stc 100mhzsteps hwpstate [9]

processor	: 2
vendor_id	: AuthenticAMD
cpu family	: 16
model		: 10
model name	: AMD Phenom(tm) II X6 1075T Processor
stepping	: 0
cpu MHz		: 2207.722
cache size	: 512 KB
physical id	: 0
siblings	: 6
core id		: 2
cpu cores	: 6
apicid		: 2
initial apicid	: 2
fpu		: yes
fpu_exception	: yes
cpuid level	: 6
wp		: yes
flags		: fpu vme de pse tsc msr pae mce cx8 apic sep mtrr pge mca cmov pat pse36 clflush mmx fxsr sse sse2 ht syscall nx mmxext fxsr_opt pdpe1gb rdtscp lm 3dnowext 3dnow constant_tsc rep_good nopl nonstop_tsc extd_apicid aperfmperf pni monitor cx16 popcnt lahf_lm cmp_legacy svm extapic cr8_legacy abm sse4a misalignsse 3dnowprefetch osvw ibs skinit wdt cpb npt lbrv svm_lock nrip_save pausefilter
bogomips	: 4414.70
TLB size	: 1024 4K pages
clflush size	: 64
cache_alignment	: 64
address sizes	: 48 bits physical, 48 bits virtual
power management: ts ttp tm stc 100mhzsteps hwpstate [9]

processor	: 3
vendor_id	: AuthenticAMD
cpu family	: 16
model		: 10
model name	: AMD Phenom(tm) II X6 1075T Processor
stepping	: 0
cpu MHz		: 2207.722
cache size	: 512 KB
physical id	: 0
siblings	: 6
core id		: 3
cpu cores	: 6
apicid		: 3
initial apicid	: 3
fpu		: yes
fpu_exception	: yes
cpuid level	: 6
wp		: yes
flags		: fpu vme de pse tsc msr pae mce cx8 apic sep mtrr pge mca cmov pat pse36 clflush mmx fxsr sse sse2 ht syscall nx mmxext fxsr_opt pdpe1gb rdtscp lm 3dnowext 3dnow constant_tsc rep_good nopl nonstop_tsc extd_apicid aperfmperf pni monitor cx16 popcnt lahf_lm cmp_legacy svm extapic cr8_legacy abm sse4a misalignsse 3dnowprefetch osvw ibs skinit wdt cpb npt lbrv svm_lock nrip_save pausefilter
bogomips	: 4414.71
TLB size	: 1024 4K pages
clflush size	: 64
cache_alignment	: 64
address sizes	: 48 bits physical, 48 bits virtual
power management: ts ttp tm stc 100mhzsteps hwpstate [9]

processor	: 4
vendor_id	: AuthenticAMD
cpu family	: 16
model		: 10
model name	: AMD Phenom(tm) II X6 1075T Processor
stepping	: 0
cpu MHz		: 2207.722
cache size	: 512 KB
physical id	: 0
siblings	: 6
core id		: 4
cpu cores	: 6
apicid		: 4
initial apicid	: 4
fpu		: yes
fpu_exception	: yes
cpuid level	: 6
wp		: yes
flags		: fpu vme de pse tsc msr pae mce cx8 apic sep mtrr pge mca cmov pat pse36 clflush mmx fxsr sse sse2 ht syscall nx mmxext fxsr_opt pdpe1gb rdtscp lm 3dnowext 3dnow constant_tsc rep_good nopl nonstop_tsc extd_apicid aperfmperf pni monitor cx16 popcnt lahf_lm cmp_legacy svm extapic cr8_legacy abm sse4a misalignsse 3dnowprefetch osvw ibs skinit wdt cpb npt lbrv svm_lock nrip_save pausefilter
bogomips	: 4414.71
TLB size	: 1024 4K pages
clflush size	: 64
cache_alignment	: 64
address sizes	: 48 bits physical, 48 bits virtual
power management: ts ttp tm stc 100mhzsteps hwpstate [9]

processor	: 5
vendor_id	: AuthenticAMD
cpu family	: 16
model		: 10
model name	: AMD Phenom(tm) II X6 1075T Processor
stepping	: 0
cpu MHz		: 2207.722
cache size	: 512 KB
physical id	: 0
siblings	: 6
core id		: 5
cpu cores	: 6
apicid		: 5
initial apicid	: 5
fpu		: yes
fpu_exception	: yes
cpuid level	: 6
wp		: yes
flags		: fpu vme de pse tsc msr pae mce cx8 apic sep mtrr pge mca cmov pat pse36 clflush mmx fxsr sse sse2 ht syscall nx mmxext fxsr_opt pdpe1gb rdtscp lm 3dnowext 3dnow constant_tsc rep_good nopl nonstop_tsc extd_apicid aperfmperf pni monitor cx16 popcnt lahf_lm cmp_legacy svm extapic cr8_legacy abm sse4a misalignsse 3dnowprefetch osvw ibs skinit wdt cpb npt lbrv svm_lock nrip_save pausefilter
bogomips	: 4414.69
TLB size	: 1024 4K pages
clflush size	: 64
cache_alignment	: 64
address sizes	: 48 bits physical, 48 bits virtual
power management: ts ttp tm stc 100mhzsteps hwpstate [9]



Memory: 4k page, physical 8197256k(138296k free), swap 23999484k(23792844k free)

vm_info: Java HotSpot(TM) 64-Bit Server VM (22.0-b10) for linux-amd64 JRE (1.7.0_02-b13), built on Nov 17 2011 13:19:26 by "java_re" with gcc 4.3.0 20080428 (Red Hat 4.3.0-8)

time: Thu Apr 26 20:59:49 2012
elapsed time: 14024 seconds

